\BOOKMARK [1][-]{section*.1}{Abstract}{}% 1
\BOOKMARK [1][-]{section*.2}{List of Figures}{}% 2
\BOOKMARK [1][-]{section*.3}{List of Tables}{}% 3
\BOOKMARK [1][-]{section.1}{Introduction}{}% 4
\BOOKMARK [2][-]{subsection.1.1}{The Client}{section.1}% 5
\BOOKMARK [2][-]{subsection.1.2}{The Project}{section.1}% 6
\BOOKMARK [2][-]{subsection.1.3}{The Team}{section.1}% 7
\BOOKMARK [3][-]{subsubsection.1.3.1}{Jeansy Molanza \205 Project Management/Business Analyst}{subsection.1.3}% 8
\BOOKMARK [3][-]{subsubsection.1.3.2}{Gary Bennett \205 Front End Development/Business Analyst}{subsection.1.3}% 9
\BOOKMARK [3][-]{subsubsection.1.3.3}{Jifei Wei/Rawand Hawiz \205 Back End Development}{subsection.1.3}% 10
\BOOKMARK [1][-]{section.2}{Project Plan}{}% 11
\BOOKMARK [1][-]{section.3}{Software Development Approach}{}% 12
\BOOKMARK [1][-]{section.4}{Risk Assessment Plan}{}% 13
\BOOKMARK [1][-]{section.5}{Project Management}{}% 14
\BOOKMARK [1][-]{section.6}{Technical Considerations}{}% 15
\BOOKMARK [1][-]{section.7}{Ideas}{}% 16
\BOOKMARK [2][-]{subsection.7.1}{Overview}{section.7}% 17
\BOOKMARK [2][-]{subsection.7.2}{Business Model}{section.7}% 18
\BOOKMARK [3][-]{subsubsection.7.2.1}{Personal}{subsection.7.2}% 19
\BOOKMARK [3][-]{subsubsection.7.2.2}{Premier}{subsection.7.2}% 20
\BOOKMARK [2][-]{subsection.7.3}{Enterprise}{section.7}% 21
\BOOKMARK [1][-]{section.8}{Outline Literature Review}{}% 22
\BOOKMARK [1][-]{section.8}{References}{}% 23
